训练日志 - 2026-02-06 13:24:55
================================================================================
[2026-02-06 13:24:55] 使用设备: cuda
[2026-02-06 13:24:55] 
[2026-02-06 13:24:55] 加载CIFAR-10数据集...
[2026-02-06 13:24:56] 测试集大小: 10000
[2026-02-06 13:24:56] 
[2026-02-06 13:24:56] 初始化ResNet18模型...
[2026-02-06 13:24:56] 加载模型权重从 checkpoints/best_train.pth
[2026-02-06 13:24:56] 模型加载完成!
[2026-02-06 13:24:56] 
[2026-02-06 13:24:56] 开始评估模型...
[2026-02-06 13:24:56] ================================================================================
[2026-02-06 13:25:10] Batch 50/79
[2026-02-06 13:25:11] 
[2026-02-06 13:25:11] 评估结果:
[2026-02-06 13:25:11] ================================================================================
[2026-02-06 13:25:11] Evaluation - Epoch 0: Accuracy = 0.8737, F1 = 0.8736, Precision = 0.8736, Recall = 0.8737
[2026-02-06 13:25:11] 详细评估指标:
[2026-02-06 13:25:11] 混淆矩阵: [[905, 6, 23, 12, 7, 0, 2, 1, 26, 18], [9, 926, 3, 3, 0, 2, 0, 1, 14, 42], [22, 1, 833, 33, 43, 22, 20, 13, 7, 6], [15, 3, 31, 727, 32, 120, 29, 19, 14, 10], [8, 4, 24, 35, 866, 23, 15, 23, 2, 0], [4, 0, 17, 106, 26, 807, 14, 21, 2, 3], [7, 2, 16, 33, 13, 9, 909, 6, 1, 4], [9, 3, 8, 23, 19, 28, 0, 904, 1, 5], [24, 4, 4, 3, 3, 4, 0, 1, 938, 19], [14, 29, 2, 7, 1, 2, 1, 2, 20, 922]]
[2026-02-06 13:25:11] 评估总结:
[2026-02-06 13:25:11] 模型路径: checkpoints/best_train.pth
[2026-02-06 13:25:11] 准确率: 0.8737
[2026-02-06 13:25:11] F1分数: 0.8736
[2026-02-06 13:25:11] 精确率: 0.8736
[2026-02-06 13:25:11] 召回率: 0.8737
[2026-02-06 13:25:11] ================================================================================
[2026-02-06 13:25:11] 日志文件: logs\training_20260206_132455.log
[2026-02-06 13:25:11] 指标文件: logs\metrics_20260206_132455.json
