训练日志 - 2026-02-06 12:02:36
================================================================================
[2026-02-06 12:02:36] 配置信息:
[2026-02-06 12:02:36] model: ResNet18
[2026-02-06 12:02:36] num_classes: 10
[2026-02-06 12:02:36] channels: 3
[2026-02-06 12:02:36] epochs: 80
[2026-02-06 12:02:36] batch_size: 128
[2026-02-06 12:02:36] learning_rate: 0.1
[2026-02-06 12:02:36] momentum: 0.9
[2026-02-06 12:02:36] weight_decay: 0.0005
[2026-02-06 12:02:36] lr_scheduler: {'type': 'MultiStepLR', 'milestones': [40, 60, 75], 'gamma': 0.1}
[2026-02-06 12:02:36] data: {'dataset': 'CIFAR10', 'num_workers': 4, 'pin_memory': True}
[2026-02-06 12:02:36] device: cuda
[2026-02-06 12:02:36] log_dir: logs
[2026-02-06 12:02:36] save_every: 10
[2026-02-06 12:02:36] keep_last_ckpts: 5
[2026-02-06 12:02:36] eval_interval: 1
[2026-02-06 12:02:36] 
[2026-02-06 12:02:36] 加载CIFAR-10数据集...
[2026-02-06 12:02:36] 训练集大小: 50000
[2026-02-06 12:02:36] 
[2026-02-06 12:02:36] 模型已加载到 cuda
[2026-02-06 12:02:36] 
[2026-02-06 12:02:36] 开始训练...
[2026-02-06 12:02:36] ================================================================================
[2026-02-06 12:02:36] Epoch 1/80
[2026-02-06 12:02:36] --------------------------------------------------------------------------------
[2026-02-06 12:03:11] Epoch 1: Loss = 2.1707, Accuracy = 0.2926
[2026-02-06 12:03:12] 更新 best_train 到 checkpoints\best_train.pth
[2026-02-06 12:03:12] 学习率更新为: 0.1
[2026-02-06 12:03:12] 
[2026-02-06 12:03:12] Epoch 2/80
[2026-02-06 12:03:12] --------------------------------------------------------------------------------
[2026-02-06 12:03:47] Epoch 2: Loss = 1.5247, Accuracy = 0.4369
[2026-02-06 12:03:48] 更新 best_train 到 checkpoints\best_train.pth
[2026-02-06 12:03:48] 学习率更新为: 0.1
[2026-02-06 12:03:48] 
[2026-02-06 12:03:48] Epoch 3/80
[2026-02-06 12:03:48] --------------------------------------------------------------------------------
[2026-02-06 12:04:24] Epoch 3: Loss = 1.3004, Accuracy = 0.5296
[2026-02-06 12:04:24] 更新 best_train 到 checkpoints\best_train.pth
[2026-02-06 12:04:24] 学习率更新为: 0.1
[2026-02-06 12:04:24] 
[2026-02-06 12:04:24] Epoch 4/80
[2026-02-06 12:04:24] --------------------------------------------------------------------------------
[2026-02-06 12:04:59] Epoch 4: Loss = 1.1510, Accuracy = 0.5897
[2026-02-06 12:04:59] 更新 best_train 到 checkpoints\best_train.pth
[2026-02-06 12:04:59] 学习率更新为: 0.1
[2026-02-06 12:04:59] 
[2026-02-06 12:04:59] Epoch 5/80
[2026-02-06 12:04:59] --------------------------------------------------------------------------------
[2026-02-06 12:05:34] Epoch 5: Loss = 1.0622, Accuracy = 0.6242
[2026-02-06 12:05:34] 更新 best_train 到 checkpoints\best_train.pth
[2026-02-06 12:05:34] 学习率更新为: 0.1
[2026-02-06 12:05:34] 
[2026-02-06 12:05:34] Epoch 6/80
[2026-02-06 12:05:34] --------------------------------------------------------------------------------
[2026-02-06 12:06:08] Epoch 6: Loss = 0.9932, Accuracy = 0.6511
[2026-02-06 12:06:08] 更新 best_train 到 checkpoints\best_train.pth
[2026-02-06 12:06:08] 学习率更新为: 0.1
[2026-02-06 12:06:08] 
[2026-02-06 12:06:08] Epoch 7/80
[2026-02-06 12:06:08] --------------------------------------------------------------------------------
[2026-02-06 12:06:45] Epoch 7: Loss = 0.9395, Accuracy = 0.6707
[2026-02-06 12:06:45] 更新 best_train 到 checkpoints\best_train.pth
[2026-02-06 12:06:45] 学习率更新为: 0.1
[2026-02-06 12:06:45] 
[2026-02-06 12:06:45] Epoch 8/80
[2026-02-06 12:06:45] --------------------------------------------------------------------------------
[2026-02-06 12:07:20] Epoch 8: Loss = 0.8978, Accuracy = 0.6883
[2026-02-06 12:07:20] 更新 best_train 到 checkpoints\best_train.pth
[2026-02-06 12:07:20] 学习率更新为: 0.1
[2026-02-06 12:07:20] 
[2026-02-06 12:07:20] Epoch 9/80
[2026-02-06 12:07:20] --------------------------------------------------------------------------------
[2026-02-06 12:07:56] Epoch 9: Loss = 0.8630, Accuracy = 0.7024
[2026-02-06 12:07:56] 更新 best_train 到 checkpoints\best_train.pth
[2026-02-06 12:07:56] 学习率更新为: 0.1
[2026-02-06 12:07:56] 
[2026-02-06 12:07:56] Epoch 10/80
[2026-02-06 12:07:56] --------------------------------------------------------------------------------
[2026-02-06 12:08:31] Epoch 10: Loss = 0.8436, Accuracy = 0.7104
[2026-02-06 12:08:31] 更新 best_train 到 checkpoints\best_train.pth
[2026-02-06 12:08:31] 保存周期 checkpoint 到 checkpoints\ckpt_epoch_10.pth（保留最近 5 份）
[2026-02-06 12:08:31] 学习率更新为: 0.1
[2026-02-06 12:08:31] 
[2026-02-06 12:08:31] Epoch 11/80
[2026-02-06 12:08:31] --------------------------------------------------------------------------------
[2026-02-06 12:09:06] Epoch 11: Loss = 0.8127, Accuracy = 0.7192
[2026-02-06 12:09:06] 更新 best_train 到 checkpoints\best_train.pth
[2026-02-06 12:09:06] 学习率更新为: 0.1
[2026-02-06 12:09:06] 
[2026-02-06 12:09:06] Epoch 12/80
[2026-02-06 12:09:06] --------------------------------------------------------------------------------
[2026-02-06 12:09:41] Epoch 12: Loss = 0.8054, Accuracy = 0.7227
[2026-02-06 12:09:41] 更新 best_train 到 checkpoints\best_train.pth
[2026-02-06 12:09:41] 学习率更新为: 0.1
[2026-02-06 12:09:41] 
[2026-02-06 12:09:41] Epoch 13/80
[2026-02-06 12:09:41] --------------------------------------------------------------------------------
[2026-02-06 12:10:15] Epoch 13: Loss = 0.7899, Accuracy = 0.7290
[2026-02-06 12:10:15] 更新 best_train 到 checkpoints\best_train.pth
[2026-02-06 12:10:16] 学习率更新为: 0.1
[2026-02-06 12:10:16] 
[2026-02-06 12:10:16] Epoch 14/80
[2026-02-06 12:10:16] --------------------------------------------------------------------------------
[2026-02-06 12:10:51] Epoch 14: Loss = 0.7760, Accuracy = 0.7335
[2026-02-06 12:10:52] 更新 best_train 到 checkpoints\best_train.pth
[2026-02-06 12:10:52] 学习率更新为: 0.1
[2026-02-06 12:10:52] 
[2026-02-06 12:10:52] Epoch 15/80
[2026-02-06 12:10:52] --------------------------------------------------------------------------------
[2026-02-06 12:11:27] Epoch 15: Loss = 0.7669, Accuracy = 0.7374
[2026-02-06 12:11:27] 更新 best_train 到 checkpoints\best_train.pth
[2026-02-06 12:11:27] 学习率更新为: 0.1
[2026-02-06 12:11:27] 
[2026-02-06 12:11:27] Epoch 16/80
[2026-02-06 12:11:27] --------------------------------------------------------------------------------
[2026-02-06 12:12:03] Epoch 16: Loss = 0.7641, Accuracy = 0.7376
[2026-02-06 12:12:03] 更新 best_train 到 checkpoints\best_train.pth
[2026-02-06 12:12:03] 学习率更新为: 0.1
[2026-02-06 12:12:03] 
[2026-02-06 12:12:03] Epoch 17/80
[2026-02-06 12:12:03] --------------------------------------------------------------------------------
[2026-02-06 12:12:39] Epoch 17: Loss = 0.7480, Accuracy = 0.7429
[2026-02-06 12:12:39] 更新 best_train 到 checkpoints\best_train.pth
[2026-02-06 12:12:39] 学习率更新为: 0.1
[2026-02-06 12:12:39] 
[2026-02-06 12:12:39] Epoch 18/80
[2026-02-06 12:12:39] --------------------------------------------------------------------------------
[2026-02-06 12:13:16] Epoch 18: Loss = 0.7382, Accuracy = 0.7447
[2026-02-06 12:13:16] 更新 best_train 到 checkpoints\best_train.pth
[2026-02-06 12:13:16] 学习率更新为: 0.1
[2026-02-06 12:13:16] 
[2026-02-06 12:13:16] Epoch 19/80
[2026-02-06 12:13:16] --------------------------------------------------------------------------------
[2026-02-06 12:13:51] Epoch 19: Loss = 0.7295, Accuracy = 0.7495
[2026-02-06 12:13:51] 更新 best_train 到 checkpoints\best_train.pth
[2026-02-06 12:13:51] 学习率更新为: 0.1
[2026-02-06 12:13:51] 
[2026-02-06 12:13:51] Epoch 20/80
[2026-02-06 12:13:51] --------------------------------------------------------------------------------
[2026-02-06 12:14:25] Epoch 20: Loss = 0.7281, Accuracy = 0.7507
[2026-02-06 12:14:25] 更新 best_train 到 checkpoints\best_train.pth
[2026-02-06 12:14:25] 保存周期 checkpoint 到 checkpoints\ckpt_epoch_20.pth（保留最近 5 份）
[2026-02-06 12:14:25] 学习率更新为: 0.1
[2026-02-06 12:14:25] 
[2026-02-06 12:14:25] Epoch 21/80
[2026-02-06 12:14:25] --------------------------------------------------------------------------------
[2026-02-06 12:15:01] Epoch 21: Loss = 0.7191, Accuracy = 0.7515
[2026-02-06 12:15:01] 更新 best_train 到 checkpoints\best_train.pth
[2026-02-06 12:15:01] 学习率更新为: 0.1
[2026-02-06 12:15:01] 
[2026-02-06 12:15:01] Epoch 22/80
[2026-02-06 12:15:01] --------------------------------------------------------------------------------
[2026-02-06 12:15:38] Epoch 22: Loss = 0.7129, Accuracy = 0.7554
[2026-02-06 12:15:38] 更新 best_train 到 checkpoints\best_train.pth
[2026-02-06 12:15:38] 学习率更新为: 0.1
[2026-02-06 12:15:38] 
[2026-02-06 12:15:38] Epoch 23/80
[2026-02-06 12:15:38] --------------------------------------------------------------------------------
[2026-02-06 12:16:14] Epoch 23: Loss = 0.7066, Accuracy = 0.7588
[2026-02-06 12:16:14] 更新 best_train 到 checkpoints\best_train.pth
[2026-02-06 12:16:14] 学习率更新为: 0.1
[2026-02-06 12:16:14] 
[2026-02-06 12:16:14] Epoch 24/80
[2026-02-06 12:16:14] --------------------------------------------------------------------------------
[2026-02-06 12:16:49] Epoch 24: Loss = 0.7028, Accuracy = 0.7601
[2026-02-06 12:16:49] 更新 best_train 到 checkpoints\best_train.pth
[2026-02-06 12:16:49] 学习率更新为: 0.1
[2026-02-06 12:16:49] 
[2026-02-06 12:16:49] Epoch 25/80
[2026-02-06 12:16:49] --------------------------------------------------------------------------------
[2026-02-06 12:17:25] Epoch 25: Loss = 0.7137, Accuracy = 0.7559
[2026-02-06 12:17:25] 学习率更新为: 0.1
[2026-02-06 12:17:25] 
[2026-02-06 12:17:25] Epoch 26/80
[2026-02-06 12:17:25] --------------------------------------------------------------------------------
[2026-02-06 12:18:02] Epoch 26: Loss = 0.6979, Accuracy = 0.7604
[2026-02-06 12:18:02] 更新 best_train 到 checkpoints\best_train.pth
[2026-02-06 12:18:02] 学习率更新为: 0.1
[2026-02-06 12:18:02] 
[2026-02-06 12:18:02] Epoch 27/80
[2026-02-06 12:18:02] --------------------------------------------------------------------------------
[2026-02-06 12:18:37] Epoch 27: Loss = 0.6999, Accuracy = 0.7605
[2026-02-06 12:18:37] 更新 best_train 到 checkpoints\best_train.pth
[2026-02-06 12:18:37] 学习率更新为: 0.1
[2026-02-06 12:18:37] 
[2026-02-06 12:18:37] Epoch 28/80
[2026-02-06 12:18:37] --------------------------------------------------------------------------------
[2026-02-06 12:19:12] Epoch 28: Loss = 0.6931, Accuracy = 0.7624
[2026-02-06 12:19:13] 更新 best_train 到 checkpoints\best_train.pth
[2026-02-06 12:19:13] 学习率更新为: 0.1
[2026-02-06 12:19:13] 
[2026-02-06 12:19:13] Epoch 29/80
[2026-02-06 12:19:13] --------------------------------------------------------------------------------
[2026-02-06 12:19:49] Epoch 29: Loss = 0.6854, Accuracy = 0.7658
[2026-02-06 12:19:49] 更新 best_train 到 checkpoints\best_train.pth
[2026-02-06 12:19:49] 学习率更新为: 0.1
[2026-02-06 12:19:49] 
[2026-02-06 12:19:49] Epoch 30/80
[2026-02-06 12:19:49] --------------------------------------------------------------------------------
[2026-02-06 12:20:24] Epoch 30: Loss = 0.6876, Accuracy = 0.7652
[2026-02-06 12:20:24] 保存周期 checkpoint 到 checkpoints\ckpt_epoch_30.pth（保留最近 5 份）
[2026-02-06 12:20:24] 学习率更新为: 0.1
[2026-02-06 12:20:24] 
[2026-02-06 12:20:24] Epoch 31/80
[2026-02-06 12:20:24] --------------------------------------------------------------------------------
[2026-02-06 12:20:59] Epoch 31: Loss = 0.6870, Accuracy = 0.7667
[2026-02-06 12:20:59] 更新 best_train 到 checkpoints\best_train.pth
[2026-02-06 12:20:59] 学习率更新为: 0.1
[2026-02-06 12:20:59] 
[2026-02-06 12:20:59] Epoch 32/80
[2026-02-06 12:20:59] --------------------------------------------------------------------------------
[2026-02-06 12:21:35] Epoch 32: Loss = 0.6875, Accuracy = 0.7646
[2026-02-06 12:21:35] 学习率更新为: 0.1
[2026-02-06 12:21:35] 
[2026-02-06 12:21:35] Epoch 33/80
[2026-02-06 12:21:35] --------------------------------------------------------------------------------
[2026-02-06 12:22:10] Epoch 33: Loss = 0.6804, Accuracy = 0.7684
[2026-02-06 12:22:10] 更新 best_train 到 checkpoints\best_train.pth
[2026-02-06 12:22:10] 学习率更新为: 0.1
[2026-02-06 12:22:10] 
[2026-02-06 12:22:10] Epoch 34/80
[2026-02-06 12:22:10] --------------------------------------------------------------------------------
[2026-02-06 12:22:45] Epoch 34: Loss = 0.6844, Accuracy = 0.7674
[2026-02-06 12:22:45] 学习率更新为: 0.1
[2026-02-06 12:22:45] 
[2026-02-06 12:22:45] Epoch 35/80
[2026-02-06 12:22:45] --------------------------------------------------------------------------------
[2026-02-06 12:23:20] Epoch 35: Loss = 0.6725, Accuracy = 0.7695
[2026-02-06 12:23:20] 更新 best_train 到 checkpoints\best_train.pth
[2026-02-06 12:23:20] 学习率更新为: 0.1
[2026-02-06 12:23:20] 
[2026-02-06 12:23:20] Epoch 36/80
[2026-02-06 12:23:20] --------------------------------------------------------------------------------
[2026-02-06 12:23:55] Epoch 36: Loss = 0.6780, Accuracy = 0.7677
[2026-02-06 12:23:55] 学习率更新为: 0.1
[2026-02-06 12:23:55] 
[2026-02-06 12:23:55] Epoch 37/80
[2026-02-06 12:23:55] --------------------------------------------------------------------------------
[2026-02-06 12:24:28] Epoch 37: Loss = 0.6747, Accuracy = 0.7701
[2026-02-06 12:24:28] 更新 best_train 到 checkpoints\best_train.pth
[2026-02-06 12:24:29] 学习率更新为: 0.1
[2026-02-06 12:24:29] 
[2026-02-06 12:24:29] Epoch 38/80
[2026-02-06 12:24:29] --------------------------------------------------------------------------------
[2026-02-06 12:25:03] Epoch 38: Loss = 0.6700, Accuracy = 0.7707
[2026-02-06 12:25:03] 更新 best_train 到 checkpoints\best_train.pth
[2026-02-06 12:25:03] 学习率更新为: 0.1
[2026-02-06 12:25:03] 
[2026-02-06 12:25:03] Epoch 39/80
[2026-02-06 12:25:03] --------------------------------------------------------------------------------
[2026-02-06 12:25:38] Epoch 39: Loss = 0.6702, Accuracy = 0.7725
[2026-02-06 12:25:38] 更新 best_train 到 checkpoints\best_train.pth
[2026-02-06 12:25:38] 学习率更新为: 0.1
[2026-02-06 12:25:38] 
[2026-02-06 12:25:38] Epoch 40/80
[2026-02-06 12:25:38] --------------------------------------------------------------------------------
[2026-02-06 12:26:11] Epoch 40: Loss = 0.6790, Accuracy = 0.7671
[2026-02-06 12:26:12] 保存周期 checkpoint 到 checkpoints\ckpt_epoch_40.pth（保留最近 5 份）
[2026-02-06 12:26:12] 学习率更新为: 0.010000000000000002
[2026-02-06 12:26:12] 
[2026-02-06 12:26:12] Epoch 41/80
[2026-02-06 12:26:12] --------------------------------------------------------------------------------
[2026-02-06 12:26:47] Epoch 41: Loss = 0.4804, Accuracy = 0.8358
[2026-02-06 12:26:47] 更新 best_train 到 checkpoints\best_train.pth
[2026-02-06 12:26:47] 学习率更新为: 0.010000000000000002
[2026-02-06 12:26:47] 
[2026-02-06 12:26:47] Epoch 42/80
[2026-02-06 12:26:47] --------------------------------------------------------------------------------
[2026-02-06 12:27:23] Epoch 42: Loss = 0.4209, Accuracy = 0.8541
[2026-02-06 12:27:23] 更新 best_train 到 checkpoints\best_train.pth
[2026-02-06 12:27:23] 学习率更新为: 0.010000000000000002
[2026-02-06 12:27:23] 
[2026-02-06 12:27:23] Epoch 43/80
[2026-02-06 12:27:23] --------------------------------------------------------------------------------
[2026-02-06 12:27:59] Epoch 43: Loss = 0.3951, Accuracy = 0.8645
[2026-02-06 12:27:59] 更新 best_train 到 checkpoints\best_train.pth
[2026-02-06 12:27:59] 学习率更新为: 0.010000000000000002
[2026-02-06 12:27:59] 
[2026-02-06 12:27:59] Epoch 44/80
[2026-02-06 12:27:59] --------------------------------------------------------------------------------
[2026-02-06 12:28:34] Epoch 44: Loss = 0.3771, Accuracy = 0.8697
[2026-02-06 12:28:34] 更新 best_train 到 checkpoints\best_train.pth
[2026-02-06 12:28:35] 学习率更新为: 0.010000000000000002
[2026-02-06 12:28:35] 
[2026-02-06 12:28:35] Epoch 45/80
[2026-02-06 12:28:35] --------------------------------------------------------------------------------
[2026-02-06 12:29:11] Epoch 45: Loss = 0.3615, Accuracy = 0.8754
[2026-02-06 12:29:11] 更新 best_train 到 checkpoints\best_train.pth
[2026-02-06 12:29:11] 学习率更新为: 0.010000000000000002
[2026-02-06 12:29:11] 
[2026-02-06 12:29:11] Epoch 46/80
[2026-02-06 12:29:11] --------------------------------------------------------------------------------
[2026-02-06 12:29:53] Epoch 46: Loss = 0.3495, Accuracy = 0.8792
[2026-02-06 12:29:53] 更新 best_train 到 checkpoints\best_train.pth
[2026-02-06 12:29:53] 学习率更新为: 0.010000000000000002
[2026-02-06 12:29:53] 
[2026-02-06 12:29:53] Epoch 47/80
[2026-02-06 12:29:53] --------------------------------------------------------------------------------
[2026-02-06 12:30:27] Epoch 47: Loss = 0.3419, Accuracy = 0.8832
[2026-02-06 12:30:27] 更新 best_train 到 checkpoints\best_train.pth
[2026-02-06 12:30:27] 学习率更新为: 0.010000000000000002
[2026-02-06 12:30:27] 
[2026-02-06 12:30:27] Epoch 48/80
[2026-02-06 12:30:27] --------------------------------------------------------------------------------
[2026-02-06 12:31:06] Epoch 48: Loss = 0.3345, Accuracy = 0.8842
[2026-02-06 12:31:06] 更新 best_train 到 checkpoints\best_train.pth
[2026-02-06 12:31:06] 学习率更新为: 0.010000000000000002
[2026-02-06 12:31:06] 
[2026-02-06 12:31:06] Epoch 49/80
[2026-02-06 12:31:06] --------------------------------------------------------------------------------
[2026-02-06 12:47:10] Epoch 49: Loss = 0.3233, Accuracy = 0.8877
[2026-02-06 12:47:10] 更新 best_train 到 checkpoints\best_train.pth
[2026-02-06 12:47:10] 学习率更新为: 0.010000000000000002
[2026-02-06 12:47:10] 
[2026-02-06 12:47:10] Epoch 50/80
[2026-02-06 12:47:10] --------------------------------------------------------------------------------
[2026-02-06 12:47:45] Epoch 50: Loss = 0.3138, Accuracy = 0.8914
[2026-02-06 12:47:45] 更新 best_train 到 checkpoints\best_train.pth
[2026-02-06 12:47:45] 保存周期 checkpoint 到 checkpoints\ckpt_epoch_50.pth（保留最近 5 份）
[2026-02-06 12:47:45] 学习率更新为: 0.010000000000000002
[2026-02-06 12:47:45] 
[2026-02-06 12:47:45] Epoch 51/80
[2026-02-06 12:47:45] --------------------------------------------------------------------------------
[2026-02-06 12:48:21] Epoch 51: Loss = 0.3080, Accuracy = 0.8927
[2026-02-06 12:48:21] 更新 best_train 到 checkpoints\best_train.pth
[2026-02-06 12:48:21] 学习率更新为: 0.010000000000000002
[2026-02-06 12:48:21] 
[2026-02-06 12:48:21] Epoch 52/80
[2026-02-06 12:48:21] --------------------------------------------------------------------------------
[2026-02-06 12:48:53] Epoch 52: Loss = 0.3072, Accuracy = 0.8948
[2026-02-06 12:48:53] 更新 best_train 到 checkpoints\best_train.pth
[2026-02-06 12:48:53] 学习率更新为: 0.010000000000000002
[2026-02-06 12:48:53] 
[2026-02-06 12:48:53] Epoch 53/80
[2026-02-06 12:48:53] --------------------------------------------------------------------------------
[2026-02-06 12:49:28] Epoch 53: Loss = 0.3038, Accuracy = 0.8947
[2026-02-06 12:49:28] 学习率更新为: 0.010000000000000002
[2026-02-06 12:49:28] 
[2026-02-06 12:49:28] Epoch 54/80
[2026-02-06 12:49:28] --------------------------------------------------------------------------------
[2026-02-06 12:50:00] Epoch 54: Loss = 0.2960, Accuracy = 0.8957
[2026-02-06 12:50:00] 更新 best_train 到 checkpoints\best_train.pth
[2026-02-06 12:50:00] 学习率更新为: 0.010000000000000002
[2026-02-06 12:50:00] 
[2026-02-06 12:50:00] Epoch 55/80
[2026-02-06 12:50:00] --------------------------------------------------------------------------------
[2026-02-06 12:50:32] Epoch 55: Loss = 0.2918, Accuracy = 0.8996
[2026-02-06 12:50:32] 更新 best_train 到 checkpoints\best_train.pth
[2026-02-06 12:50:32] 学习率更新为: 0.010000000000000002
[2026-02-06 12:50:32] 
[2026-02-06 12:50:32] Epoch 56/80
[2026-02-06 12:50:32] --------------------------------------------------------------------------------
[2026-02-06 12:51:04] Epoch 56: Loss = 0.2940, Accuracy = 0.8970
[2026-02-06 12:51:04] 学习率更新为: 0.010000000000000002
[2026-02-06 12:51:04] 
[2026-02-06 12:51:04] Epoch 57/80
[2026-02-06 12:51:04] --------------------------------------------------------------------------------
[2026-02-06 12:51:35] Epoch 57: Loss = 0.2855, Accuracy = 0.9005
[2026-02-06 12:51:35] 更新 best_train 到 checkpoints\best_train.pth
[2026-02-06 12:51:35] 学习率更新为: 0.010000000000000002
[2026-02-06 12:51:35] 
[2026-02-06 12:51:35] Epoch 58/80
[2026-02-06 12:51:35] --------------------------------------------------------------------------------
[2026-02-06 12:52:05] Epoch 58: Loss = 0.2819, Accuracy = 0.9024
[2026-02-06 12:52:06] 更新 best_train 到 checkpoints\best_train.pth
[2026-02-06 12:52:06] 学习率更新为: 0.010000000000000002
[2026-02-06 12:52:06] 
[2026-02-06 12:52:06] Epoch 59/80
[2026-02-06 12:52:06] --------------------------------------------------------------------------------
[2026-02-06 12:52:37] Epoch 59: Loss = 0.2815, Accuracy = 0.9028
[2026-02-06 12:52:37] 更新 best_train 到 checkpoints\best_train.pth
[2026-02-06 12:52:37] 学习率更新为: 0.010000000000000002
[2026-02-06 12:52:37] 
[2026-02-06 12:52:37] Epoch 60/80
[2026-02-06 12:52:37] --------------------------------------------------------------------------------
[2026-02-06 12:53:08] Epoch 60: Loss = 0.2736, Accuracy = 0.9041
[2026-02-06 12:53:08] 更新 best_train 到 checkpoints\best_train.pth
[2026-02-06 12:53:08] 保存周期 checkpoint 到 checkpoints\ckpt_epoch_60.pth（保留最近 5 份）
[2026-02-06 12:53:08] 学习率更新为: 0.0010000000000000002
[2026-02-06 12:53:08] 
[2026-02-06 12:53:08] Epoch 61/80
[2026-02-06 12:53:08] --------------------------------------------------------------------------------
[2026-02-06 12:53:42] Epoch 61: Loss = 0.2263, Accuracy = 0.9227
[2026-02-06 12:53:42] 更新 best_train 到 checkpoints\best_train.pth
[2026-02-06 12:53:42] 学习率更新为: 0.0010000000000000002
[2026-02-06 12:53:42] 
[2026-02-06 12:53:42] Epoch 62/80
[2026-02-06 12:53:42] --------------------------------------------------------------------------------
[2026-02-06 12:54:17] Epoch 62: Loss = 0.2062, Accuracy = 0.9292
[2026-02-06 12:54:17] 更新 best_train 到 checkpoints\best_train.pth
[2026-02-06 12:54:17] 学习率更新为: 0.0010000000000000002
[2026-02-06 12:54:17] 
[2026-02-06 12:54:17] Epoch 63/80
[2026-02-06 12:54:17] --------------------------------------------------------------------------------
[2026-02-06 12:54:50] Epoch 63: Loss = 0.1970, Accuracy = 0.9327
[2026-02-06 12:54:50] 更新 best_train 到 checkpoints\best_train.pth
[2026-02-06 12:54:50] 学习率更新为: 0.0010000000000000002
[2026-02-06 12:54:50] 
[2026-02-06 12:54:50] Epoch 64/80
[2026-02-06 12:54:50] --------------------------------------------------------------------------------
[2026-02-06 12:55:21] Epoch 64: Loss = 0.1903, Accuracy = 0.9341
[2026-02-06 12:55:21] 更新 best_train 到 checkpoints\best_train.pth
[2026-02-06 12:55:21] 学习率更新为: 0.0010000000000000002
[2026-02-06 12:55:21] 
[2026-02-06 12:55:21] Epoch 65/80
[2026-02-06 12:55:21] --------------------------------------------------------------------------------
[2026-02-06 12:55:57] Epoch 65: Loss = 0.1902, Accuracy = 0.9351
[2026-02-06 12:55:57] 更新 best_train 到 checkpoints\best_train.pth
[2026-02-06 12:55:57] 学习率更新为: 0.0010000000000000002
[2026-02-06 12:55:57] 
[2026-02-06 12:55:57] Epoch 66/80
[2026-02-06 12:55:57] --------------------------------------------------------------------------------
[2026-02-06 12:56:33] Epoch 66: Loss = 0.1850, Accuracy = 0.9370
[2026-02-06 12:56:34] 更新 best_train 到 checkpoints\best_train.pth
[2026-02-06 12:56:34] 学习率更新为: 0.0010000000000000002
[2026-02-06 12:56:34] 
[2026-02-06 12:56:34] Epoch 67/80
[2026-02-06 12:56:34] --------------------------------------------------------------------------------
[2026-02-06 12:57:09] Epoch 67: Loss = 0.1792, Accuracy = 0.9393
[2026-02-06 12:57:09] 更新 best_train 到 checkpoints\best_train.pth
[2026-02-06 12:57:09] 学习率更新为: 0.0010000000000000002
[2026-02-06 12:57:09] 
[2026-02-06 12:57:09] Epoch 68/80
[2026-02-06 12:57:09] --------------------------------------------------------------------------------
[2026-02-06 12:57:44] Epoch 68: Loss = 0.1752, Accuracy = 0.9398
[2026-02-06 12:57:44] 更新 best_train 到 checkpoints\best_train.pth
[2026-02-06 12:57:44] 学习率更新为: 0.0010000000000000002
[2026-02-06 12:57:44] 
[2026-02-06 12:57:44] Epoch 69/80
[2026-02-06 12:57:44] --------------------------------------------------------------------------------
[2026-02-06 12:58:18] Epoch 69: Loss = 0.1723, Accuracy = 0.9405
[2026-02-06 12:58:18] 更新 best_train 到 checkpoints\best_train.pth
[2026-02-06 12:58:18] 学习率更新为: 0.0010000000000000002
[2026-02-06 12:58:18] 
[2026-02-06 12:58:18] Epoch 70/80
[2026-02-06 12:58:18] --------------------------------------------------------------------------------
[2026-02-06 12:58:54] Epoch 70: Loss = 0.1705, Accuracy = 0.9414
[2026-02-06 12:58:54] 更新 best_train 到 checkpoints\best_train.pth
[2026-02-06 12:58:54] 保存周期 checkpoint 到 checkpoints\ckpt_epoch_70.pth（保留最近 5 份）
[2026-02-06 12:58:55] 学习率更新为: 0.0010000000000000002
[2026-02-06 12:58:55] 
[2026-02-06 12:58:55] Epoch 71/80
[2026-02-06 12:58:55] --------------------------------------------------------------------------------
[2026-02-06 12:59:31] Epoch 71: Loss = 0.1679, Accuracy = 0.9415
[2026-02-06 12:59:31] 更新 best_train 到 checkpoints\best_train.pth
[2026-02-06 12:59:31] 学习率更新为: 0.0010000000000000002
[2026-02-06 12:59:31] 
[2026-02-06 12:59:31] Epoch 72/80
[2026-02-06 12:59:31] --------------------------------------------------------------------------------
[2026-02-06 13:00:08] Epoch 72: Loss = 0.1623, Accuracy = 0.9449
[2026-02-06 13:00:08] 更新 best_train 到 checkpoints\best_train.pth
[2026-02-06 13:00:08] 学习率更新为: 0.0010000000000000002
[2026-02-06 13:00:08] 
[2026-02-06 13:00:08] Epoch 73/80
[2026-02-06 13:00:08] --------------------------------------------------------------------------------
[2026-02-06 13:00:43] Epoch 73: Loss = 0.1611, Accuracy = 0.9443
[2026-02-06 13:00:43] 学习率更新为: 0.0010000000000000002
[2026-02-06 13:00:43] 
[2026-02-06 13:00:43] Epoch 74/80
[2026-02-06 13:00:43] --------------------------------------------------------------------------------
[2026-02-06 13:01:17] Epoch 74: Loss = 0.1581, Accuracy = 0.9448
[2026-02-06 13:01:17] 学习率更新为: 0.0010000000000000002
[2026-02-06 13:01:17] 
[2026-02-06 13:01:17] Epoch 75/80
[2026-02-06 13:01:17] --------------------------------------------------------------------------------
[2026-02-06 13:01:52] Epoch 75: Loss = 0.1568, Accuracy = 0.9466
[2026-02-06 13:01:52] 更新 best_train 到 checkpoints\best_train.pth
[2026-02-06 13:01:52] 学习率更新为: 0.00010000000000000003
[2026-02-06 13:01:52] 
[2026-02-06 13:01:52] Epoch 76/80
[2026-02-06 13:01:52] --------------------------------------------------------------------------------
[2026-02-06 13:02:28] Epoch 76: Loss = 0.1554, Accuracy = 0.9471
[2026-02-06 13:02:28] 更新 best_train 到 checkpoints\best_train.pth
[2026-02-06 13:02:28] 学习率更新为: 0.00010000000000000003
[2026-02-06 13:02:28] 
[2026-02-06 13:02:28] Epoch 77/80
[2026-02-06 13:02:28] --------------------------------------------------------------------------------
[2026-02-06 13:03:05] Epoch 77: Loss = 0.1499, Accuracy = 0.9491
[2026-02-06 13:03:05] 更新 best_train 到 checkpoints\best_train.pth
[2026-02-06 13:03:06] 学习率更新为: 0.00010000000000000003
[2026-02-06 13:03:06] 
[2026-02-06 13:03:06] Epoch 78/80
[2026-02-06 13:03:06] --------------------------------------------------------------------------------
[2026-02-06 13:03:41] Epoch 78: Loss = 0.1472, Accuracy = 0.9502
[2026-02-06 13:03:41] 更新 best_train 到 checkpoints\best_train.pth
[2026-02-06 13:03:41] 学习率更新为: 0.00010000000000000003
[2026-02-06 13:03:41] 
[2026-02-06 13:03:41] Epoch 79/80
[2026-02-06 13:03:41] --------------------------------------------------------------------------------
[2026-02-06 13:04:17] Epoch 79: Loss = 0.1472, Accuracy = 0.9499
[2026-02-06 13:04:17] 学习率更新为: 0.00010000000000000003
[2026-02-06 13:04:17] 
[2026-02-06 13:04:17] Epoch 80/80
[2026-02-06 13:04:17] --------------------------------------------------------------------------------
[2026-02-06 13:04:52] Epoch 80: Loss = 0.1481, Accuracy = 0.9495
[2026-02-06 13:04:52] 保存周期 checkpoint 到 checkpoints\ckpt_epoch_80.pth（保留最近 5 份）
[2026-02-06 13:04:53] 学习率更新为: 0.00010000000000000003
[2026-02-06 13:04:53] 
[2026-02-06 13:04:53] 训练完成!
[2026-02-06 13:04:53] best_train_acc: 0.9502
[2026-02-06 13:04:53] ================================================================================
